Active-HDL 10.1.3088.5434  2015-04-02 09:27:22

Elaboration top modules:
VHDL Configuration            testbench_for_vipram815


-----------------------------------------------------------------------------------------------------
Entity       | Architecture    | Library    | Info | Compiler Version          | Compilation Options
-----------------------------------------------------------------------------------------------------
vipram815_tb | tb_architecture | amemulator |      | 10.1.3088.5434  (Windows) | -O3
vipram815    | vipram815_arch  | amemulator |      | 10.1.3088.5434  (Windows) | -O3
backend      | backend_arch    | amemulator |      | 10.1.3088.5434  (Windows) | -O3
road815      | road815_arch    | amemulator |      | 10.1.3088.5434  (Windows) | -O3
layer        | layer_arch      | amemulator |      | 10.1.3088.5434  (Windows) | -O3
srlc32e      | srlc32e_v       | unisim     |      | 10.1.3088.5434  (Windows) | -vendor xilinx -93
smoosh       | smoosh_arch     | amemulator |      | 10.1.3088.5434  (Windows) | -O3
node         | node_arch       | amemulator |      | 10.1.3088.5434  (Windows) | -O3
ram32x1d     | ram32x1d_v      | unisim     |      | 10.1.3088.5434  (Windows) | -vendor xilinx -93
-----------------------------------------------------------------------------------------------------

-----------------------------------------------------------------------------------------------------
VHDL Configuration             | Library    | Info | Compiler Version          | Compilation Options
-----------------------------------------------------------------------------------------------------
testbench_for_vipram815        | amemulator |      | 10.1.3088.5434  (Windows) | -O3
-----------------------------------------------------------------------------------------------------

-----------------------------------------------------------------------------------------------------
VHDL Package                   | Library    | Info | Compiler Version          | Compilation Options
-----------------------------------------------------------------------------------------------------
standard                       | std        |      |                           | <unavailable>
TEXTIO                         | std        |      | 10.1.3088.5434  (Windows) |  -2008
std_logic_1164                 | ieee       |      | 10.1.3088.5434  (Windows) |  -2008
NUMERIC_STD                    | ieee       |      | 10.1.3088.5434  (Windows) |  -2008
vipram_package                 | amemulator |      | 10.1.3088.5434  (Windows) | -O3
VCOMPONENTS                    | unisim     |      | 10.1.3088.5434  (Windows) | -vendor xilinx -93
VITAL_Timing                   | ieee       |      | 10.1.3088.5434  (Windows) | <unavailable>
VITAL_Primitives               | ieee       |      | 10.1.3088.5434  (Windows) | <unavailable>
VPKG                           | unisim     |      | 10.1.3088.5434  (Windows) | -vendor xilinx -93
-----------------------------------------------------------------------------------------------------

-----------------------------------------------------------------------------------------------------
Library                        | Comment
-----------------------------------------------------------------------------------------------------
amemulator                     | None
ieee                           | Standard IEEE packages library
std                            | Standard VHDL library
unisim                         | XILINX VIVADO 2014.3, UNISIM VHDL LIBRARY
-----------------------------------------------------------------------------------------------------
