# Compile...
# Warning: DAGGEN_0523: The source is compiled without the -dbg switch. Line breakpoints and assertion debug will not be available.
# File: F:\TrackingTrigger_Demo\AMEmulator\src\vipram_package.vhd
# Compile Package "vipram_package"
# File: F:\TrackingTrigger_Demo\AMEmulator\src\node.vhd
# Compile Entity "node"
# Compile Architecture "node_arch" of Entity "node"
# File: F:\TrackingTrigger_Demo\AMEmulator\src\layer.vhd
# Compile Entity "layer"
# Compile Architecture "layer_arch" of Entity "layer"
# File: F:\TrackingTrigger_Demo\AMEmulator\src\smoosh.vhd
# Compile Entity "smoosh"
# Compile Architecture "smoosh_arch" of Entity "smoosh"
# File: F:\TrackingTrigger_Demo\AMEmulator\src\road815.vhd
# Compile Entity "road815"
# Compile Architecture "road815_arch" of Entity "road815"
# File: F:\TrackingTrigger_Demo\AMEmulator\src\backend.vhd
# Compile Entity "backend"
# Compile Architecture "backend_arch" of Entity "backend"
# File: F:\TrackingTrigger_Demo\AMEmulator\src\vipram815.vhd
# Compile Entity "vipram815"
# Compile Architecture "vipram815_arch" of Entity "vipram815"
# File: F:\TrackingTrigger_Demo\AMEmulator\src\TestBench\vipram815_TB.vhd
# Compile Entity "vipram815_tb"
# Compile Architecture "TB_ARCHITECTURE" of Entity "vipram815_tb"
# Compile Configuration "TESTBENCH_FOR_vipram815"
# File: F:\TrackingTrigger_Demo\AMEmulator\src\TestBench\backend_TB.vhd
# Compile Entity "backend_tb"
# Compile Architecture "TB_ARCHITECTURE" of Entity "backend_tb"
# Compile Configuration "TESTBENCH_FOR_backend"
# Compile success 0 Errors 0 Warnings  Analysis time :  1.0 [s]
# Design: Design "testbench" has been set as active.
# ELBREAD: Elaboration process.
# ELBREAD: Elaboration time 0.2 [s].
